This is pdfTeX, Version 3.1415926-2.5-1.40.14 (MiKTeX 2.9) (preloaded format=pdflatex 2015.3.18)  14 NOV 2015 17:12
entering extended mode
**GRAPHTEX.tex
(C:\Users\KrisellAbella\Working\Template\GRAPHTEX.tex
LaTeX2e <2011/06/27>
Babel <v3.8m> and hyphenation patterns for english, afrikaans, ancientgreek, ar
abic, armenian, assamese, basque, bengali, bokmal, bulgarian, catalan, coptic, 
croatian, czech, danish, dutch, esperanto, estonian, farsi, finnish, french, ga
lician, german, german-x-2013-05-26, greek, gujarati, hindi, hungarian, iceland
ic, indonesian, interlingua, irish, italian, kannada, kurmanji, latin, latvian,
 lithuanian, malayalam, marathi, mongolian, mongolianlmc, monogreek, ngerman, n
german-x-2013-05-26, nynorsk, oriya, panjabi, pinyin, polish, portuguese, roman
ian, russian, sanskrit, serbian, slovak, slovenian, spanish, swedish, swissgerm
an, tamil, telugu, turkish, turkmen, ukenglish, ukrainian, uppersorbian, usengl
ishmax, welsh, loaded.
version 1.0 (1994) by S. V. Gervacio, DLSU, Manila 
[ Research Project funded by PCASTRD ] )
! Emergency stop.
<*> GRAPHTEX.tex
                
*** (job aborted, no legal \end found)

 
Here is how much of TeX's memory you used:
 377 strings out of 493921
 2902 string characters out of 3147258
 53034 words of memory out of 3000000
 3752 multiletter control sequences out of 15000+200000
 9040 words of font info for 32 fonts, out of 3000000 for 9000
 841 hyphenation exceptions out of 8191
 5i,0n,8p,104b,10s stack positions out of 5000i,500n,10000p,200000b,50000s
!  ==> Fatal error occurred, no output PDF file produced!
