\BOOKMARK [0][-]{chapter*.2}{Acknowledgments}{}% 1
\BOOKMARK [0][-]{chapter*.3}{Abstract}{}% 2
\BOOKMARK [0][-]{chapter*.4}{List of Tables}{}% 3
\BOOKMARK [0][-]{chapter*.5}{List of Figures}{}% 4
\BOOKMARK [0][-]{chapter.1}{Introduction}{}% 5
\BOOKMARK [1][-]{section.1.1}{Background of the Study}{chapter.1}% 6
\BOOKMARK [1][-]{section.1.2}{Statement of the Problem}{chapter.1}% 7
\BOOKMARK [1][-]{section.1.3}{Objectives of the Study}{chapter.1}% 8
\BOOKMARK [1][-]{section.1.4}{Scope and Delimitation of the Study}{chapter.1}% 9
\BOOKMARK [1][-]{section.1.5}{Significance of the Study}{chapter.1}% 10
\BOOKMARK [1][-]{section.1.6}{Review of Related Literature}{chapter.1}% 11
\BOOKMARK [0][-]{chapter.2}{Preliminaries}{}% 12
\BOOKMARK [1][-]{section.2.1}{Basic Concepts and Definitions in Set Theory}{chapter.2}% 13
\BOOKMARK [1][-]{section.2.2}{Some Concepts and Definitions in Graph Theory}{chapter.2}% 14
\BOOKMARK [1][-]{section.2.3}{Some Concepts in Topological Indices}{chapter.2}% 15
\BOOKMARK [1][-]{section.2.4}{Principles of Mathematical Induction}{chapter.2}% 16
\BOOKMARK [0][-]{chapter.3}{Main Results}{}% 17
\BOOKMARK [1][-]{section.3.1}{Degree Distance Index of Monocyclic Graph Ck\(s,t\)}{chapter.3}% 18
\BOOKMARK [1][-]{section.3.2}{Wiener Index of Monocyclic Graph Ck\(s,t\)}{chapter.3}% 19
\BOOKMARK [1][-]{section.3.3}{Zagreb Index of Monocyclic Graph Ck\(s,t\)}{chapter.3}% 20
\BOOKMARK [1][-]{section.3.4}{Molecular Topological Index of Monocyclic Graph Ck\(s,t\)}{chapter.3}% 21
\BOOKMARK [0][-]{chapter.4}{Summary and Recommendation}{}% 22
\BOOKMARK [1][-]{section.4.1}{Summary}{chapter.4}% 23
\BOOKMARK [1][-]{section.4.2}{Recommendation}{chapter.4}% 24
\BOOKMARK [0][-]{appendix*.6}{List of References}{}% 25
